<?xml version="1.0" encoding="UTF-8"?>
<testng-results skipped="0" failed="0" ignored="0" total="1" passed="1">
  <reporter-output>
  </reporter-output>
  <suite name="Suite1" duration-ms="12136" started-at="2020-01-02T08:07:42Z" finished-at="2020-01-02T08:07:54Z">
    <groups>
    </groups>
    <test name="createLead" duration-ms="12136" started-at="2020-01-02T08:07:42Z" finished-at="2020-01-02T08:07:54Z">
      <class name="RestRed">
        <test-method status="PASS" signature="createBaseProductOrder()[pri:0, instance:RestRed@48aca48b]" name="createBaseProductOrder" duration-ms="12123" started-at="2020-01-02T08:07:42Z" finished-at="2020-01-02T08:07:54Z">
          <reporter-output>
          </reporter-output>
        </test-method> <!-- createBaseProductOrder -->
      </class> <!-- RestRed -->
    </test> <!-- createLead -->
  </suite> <!-- Suite1 -->
</testng-results>
